

ออออออออออออออออออออออออออออออออออออออออออออออออออออออออออออออออออออออออออออออ
 1.   Sysop Related

 SubType Host Flags Description
 ====== ----- ===== ----------------------------------------------------------
NETTEST   707 R     Test SUB for testing your net posts.
WDOOR     707 R     WWIV Door game and utility support
WWIVMOD     1 GR    WWIV Modifications [WWIVnet]
WWIVRPI    90 R     WWIV on Raspberry Pi
WWIVSYS     1 GR    Sysop Area [WWIVnet]


ออออออออออออออออออออออออออออออออออออออออออออออออออออออออออออออออออออออออออออออ
 2.   General Discussion

 SubType Host Flags Description
 ====== ----- ===== ----------------------------------------------------------
GENCHAT     1 GR    General Chat [WWIVnet]
WEATHER     1 GR    National Weather [WWIVnet]


ออออออออออออออออออออออออออออออออออออออออออออออออออออออออออออออออออออออออออออออ
 3.   Computer Science/Programming/Mods/Hardware/Software Topics

 SubType Host Flags Description
 ====== ----- ===== ----------------------------------------------------------
ITTALES   707 R     WWIVnet Tales from the trenches
WWSET     707 R     General setup q&a for setting up your WWIV BBS


ออออออออออออออออออออออออออออออออออออออออออออออออออออออออออออออออออออออออออออออ
 4.   Individual Network Specific

 SubType Host Flags Description
 ====== ----- ===== ----------------------------------------------------------
 -- NONE --


ออออออออออออออออออออออออออออออออออออออออออออออออออออออออออออออออออออออออออออออ
 5.   Local Area/Group/Region Discussions

 SubType Host Flags Description
 ====== ----- ===== ----------------------------------------------------------
 -- NONE --


ออออออออออออออออออออออออออออออออออออออออออออออออออออออออออออออออออออออออออออออ
 6.   Science/Science Fiction/Fantasy/RPGs/D&D/AD&D

 SubType Host Flags Description
 ====== ----- ===== ----------------------------------------------------------
BABYLN5   111 R     Babylon 5 - The last best hope for peace
CWSUPRS   111 R     CW Superhero Shows (The Flash, etc.)
DRWHO     111 R     Doctor Who - Which is your fav Doctor?
FARSCAP   111 R     Farscape
FIREFLY   111 R     Firefly & Serenity-Can't stop the signal
FUTURE    112 R     That Distant Tomorrow
NETFLIX   111 R     Netflix Shows (Stranger Things, etc.)
SCIFANT   111 R     Sci-Fi / Fantasy General Discussion
SFCONS    111 R     Sci-Fi / Fantasy / Comicbook Conventions
STRGATE   111 R     Stargate - Unlock the Universe!
STRTREK   111 R     Star Trek - Space, the final frontier...
STRWARS   111 R     Star Wars - A long time ago...
SYFYSHW   111 R     SyFy Shows (Krypton, The Expanse, etc.)


ออออออออออออออออออออออออออออออออออออออออออออออออออออออออออออออออออออออออออออออ
 7.   Buy/Sell/Trade

 SubType Host Flags Description
 ====== ----- ===== ----------------------------------------------------------
 -- NONE --


ออออออออออออออออออออออออออออออออออออออออออออออออออออออออออออออออออออออออออออออ
 8.   News/Politics and Related Topics

 SubType Host Flags Description
 ====== ----- ===== ----------------------------------------------------------
 -- NONE --


ออออออออออออออออออออออออออออออออออออออออออออออออออออออออออออออออออออออออออออออ
 9.   Religion/Philosophy

 SubType Host Flags Description
 ====== ----- ===== ----------------------------------------------------------
 -- NONE --


ออออออออออออออออออออออออออออออออออออออออออออออออออออออออออออออออออออออออออออออ
 10.  Entertainment/ANSI/Jokes/Etc..

 SubType Host Flags Description
 ====== ----- ===== ----------------------------------------------------------
ANSIART     1 GRT   ANSI Art Gallery [WWIVnet]
CCGAMES   111 R     Collectible Card Games (MTG, etc.)
GAMING    111 R     General Gaming Discussion


ออออออออออออออออออออออออออออออออออออออออออออออออออออออออออออออออออออออออออออออ
 11.  Hobbies/Leisure Time/Art/Books/Pets/Professional Sports

 SubType Host Flags Description
 ====== ----- ===== ----------------------------------------------------------
CARS        1 GR    Automotive [WWIVnet]
CQCQHAM   206 R     Ham Radio Discussion of all kinds
GEOEXT    707 R     Extreme Geocaching
GEOGEN    707 R     Geocaching General
GEOOUCH   707 R     Lesson Learned
GEOPUZ    707 R     Puzzle Caching
WWBAR     707 R     Cocktails and mixed drink recipes
WWIVDEV     1 GR    WWIV Development [WWIVnet]
WWIVNET     1 GR    WWIV Networking [WWIVnet]


ออออออออออออออออออออออออออออออออออออออออออออออออออออออออออออออออออออออออออออออ
 12.  Education Related Topics/School/Logic

 SubType Host Flags Description
 ====== ----- ===== ----------------------------------------------------------
 -- NONE --


ออออออออออออออออออออออออออออออออออออออออออออออออออออออออออออออออออออออออออออออ
 13.  Social/Life Topics and Styles/Alternative Life Styles

 SubType Host Flags Description
 ====== ----- ===== ----------------------------------------------------------
 -- NONE --


ออออออออออออออออออออออออออออออออออออออออออออออออออออออออออออออออออออออออออออออ
 14.  Age Group/Gender Specific

 SubType Host Flags Description
 ====== ----- ===== ----------------------------------------------------------
 -- NONE --


ออออออออออออออออออออออออออออออออออออออออออออออออออออออออออออออออออออออออออออออ
 15.  Adult Only Topics

 SubType Host Flags Description
 ====== ----- ===== ----------------------------------------------------------
 -- NONE --


ออออออออออออออออออออออออออออออออออออออออออออออออออออออออออออออออออออออออออออออ
 16.  Music/Television/Movies

 SubType Host Flags Description
 ====== ----- ===== ----------------------------------------------------------
PROG        1 GR    Music Discussion [WWIVnet]


ออออออออออออออออออออออออออออออออออออออออออออออออออออออออออออออออออออออออออออออ
 17.  Internet Newsgroups

 SubType Host Flags Description
 ====== ----- ===== ----------------------------------------------------------
ABBSA     707 RT    UseNet Echo: alt.bbs.ads
ABBSD     707 R     UseNet Echo: alt.bbs.doors
ABBSW     707 R     UseNet Echo: alt.bbs.wwiv
CSCBM     707 R     USENET comp.sys.cbm
UNAC64    707 R     USEnet alt.c64
UNAHB     707 R     USENET alt.homebrewing
UNANM     707 R     USENET alt.nature.mushrooms


ออออออออออออออออออออออออออออออออออออออออออออออออออออออออออออออออออออออออออออออ
 99.  Miscellaneous (Does Not Fit Into Any Above Category)

 SubType Host Flags Description
 ====== ----- ===== ----------------------------------------------------------
WRITING   111 R     General Writing Discussion


ออออออออออออออออออออออออออออออออออออออออออออออออออออออออออออออออออออออออออออออ
 Uncategorized Subs

 SubType Host Flags Description
 ====== ----- ===== ----------------------------------------------------------
DEMON      62 R     The Paranormal
